<?xml version="1.0" encoding="UTF-8"?>
<testsuite name="edu.rosehulman.csse477.calculator.bednartd.SubtractTest" tests="1" skipped="0" failures="0" errors="0" timestamp="2017-10-03T12:16:57" hostname="bednartd-w540" time="0.004">
  <properties/>
  <testcase name="testExecute" classname="edu.rosehulman.csse477.calculator.bednartd.SubtractTest" time="0.004"/>
  <system-out><![CDATA[]]></system-out>
  <system-err><![CDATA[]]></system-err>
</testsuite>
